  stdafx.cpp
  CitiesData.cpp
  CitiesDialog.cpp
  CitiesDoc.cpp
  CitiesTable.cpp
  CitiesView.cpp
c:\users\garvan\source\repos\phonebook\phonebook\citiesview.cpp(98): warning C4101: 'nItemID': unreferenced local variable
c:\users\garvan\source\repos\phonebook\phonebook\citiesview.cpp(200): warning C4244: '=': conversion from 'DWORD_PTR' to 'long', possible loss of data
c:\users\garvan\source\repos\phonebook\phonebook\citiesview.cpp(248): warning C4244: '=': conversion from 'DWORD_PTR' to 'long', possible loss of data
c:\users\garvan\source\repos\phonebook\phonebook\citiesview.cpp(278): warning C4244: '=': conversion from 'DWORD_PTR' to 'long', possible loss of data
  ChildFrm.cpp
  MainFrm.cpp
  PersonsData.cpp
  PersonsDialog.cpp
  PersonsDoc.cpp
  PersonsTable.cpp
  PersonsView.cpp
c:\users\garvan\source\repos\phonebook\phonebook\personsview.cpp(116): warning C4101: 'nItemID': unreferenced local variable
c:\users\garvan\source\repos\phonebook\phonebook\personsview.cpp(194): warning C4244: '=': conversion from 'DWORD_PTR' to 'long', possible loss of data
c:\users\garvan\source\repos\phonebook\phonebook\personsview.cpp(247): warning C4244: '=': conversion from 'DWORD_PTR' to 'long', possible loss of data
c:\users\garvan\source\repos\phonebook\phonebook\personsview.cpp(281): warning C4244: '=': conversion from 'DWORD_PTR' to 'long', possible loss of data
  PhoneBook.cpp
  PhoneNumbersTable.cpp
  PhoneTypesData.cpp
  PhoneTypesDialog.cpp
  PhoneTypesDoc.cpp
  PhoneTypesTable.cpp
  PhoneTypesView.cpp
c:\users\garvan\source\repos\phonebook\phonebook\phonetypesview.cpp(82): warning C4101: 'nItemID': unreferenced local variable
c:\users\garvan\source\repos\phonebook\phonebook\phonetypesview.cpp(176): warning C4244: '=': conversion from 'DWORD_PTR' to 'long', possible loss of data
c:\users\garvan\source\repos\phonebook\phonebook\phonetypesview.cpp(224): warning C4244: '=': conversion from 'DWORD_PTR' to 'long', possible loss of data
c:\users\garvan\source\repos\phonebook\phonebook\phonetypesview.cpp(254): warning C4244: '=': conversion from 'DWORD_PTR' to 'long', possible loss of data
  Generating Code...
  PhoneBook.vcxproj -> C:\Users\Garvan\source\repos\PhoneBook\x64\Debug\PhoneBook.exe
