c:\users\garvan\source\repos\phonebook\phonebook\x64\debug\vc141.pdb
c:\users\garvan\source\repos\phonebook\phonebook\x64\debug\vc141.idb
c:\users\garvan\source\repos\phonebook\phonebook\x64\debug\phonetypestable.obj
c:\users\garvan\source\repos\phonebook\phonebook\x64\debug\phonenumberstable.obj
c:\users\garvan\source\repos\phonebook\phonebook\x64\debug\phonebook.obj
c:\users\garvan\source\repos\phonebook\phonebook\x64\debug\personsview.obj
c:\users\garvan\source\repos\phonebook\phonebook\x64\debug\personstable.obj
c:\users\garvan\source\repos\phonebook\phonebook\x64\debug\personsdoc.obj
c:\users\garvan\source\repos\phonebook\phonebook\x64\debug\personsdialog.obj
c:\users\garvan\source\repos\phonebook\phonebook\x64\debug\personsdata.obj
c:\users\garvan\source\repos\phonebook\phonebook\x64\debug\mainfrm.obj
c:\users\garvan\source\repos\phonebook\phonebook\x64\debug\childfrm.obj
c:\users\garvan\source\repos\phonebook\phonebook\x64\debug\citiesview.obj
c:\users\garvan\source\repos\phonebook\phonebook\x64\debug\citiestable.obj
c:\users\garvan\source\repos\phonebook\phonebook\x64\debug\citiesdoc.obj
c:\users\garvan\source\repos\phonebook\phonebook\x64\debug\citiesdialog.obj
c:\users\garvan\source\repos\phonebook\phonebook\x64\debug\citiesdata.obj
c:\users\garvan\source\repos\phonebook\phonebook\x64\debug\phonebook.pch
c:\users\garvan\source\repos\phonebook\phonebook\x64\debug\stdafx.obj
c:\users\garvan\source\repos\phonebook\phonebook\x64\debug\phonetypesview.obj
c:\users\garvan\source\repos\phonebook\phonebook\x64\debug\phonetypesdoc.obj
c:\users\garvan\source\repos\phonebook\phonebook\x64\debug\phonetypesdialog.obj
c:\users\garvan\source\repos\phonebook\phonebook\x64\debug\phonetypesdata.obj
c:\users\garvan\source\repos\phonebook\x64\debug\phonebook.exe
c:\users\garvan\source\repos\phonebook\x64\debug\phonebook.ilk
c:\users\garvan\source\repos\phonebook\x64\debug\phonebook.pdb
c:\users\garvan\source\repos\phonebook\phonebook\x64\debug\phonebook.res
c:\users\garvan\source\repos\phonebook\phonebook\x64\debug\phonebook.tlog\cl.command.1.tlog
c:\users\garvan\source\repos\phonebook\phonebook\x64\debug\phonebook.tlog\cl.read.1.tlog
c:\users\garvan\source\repos\phonebook\phonebook\x64\debug\phonebook.tlog\cl.write.1.tlog
c:\users\garvan\source\repos\phonebook\phonebook\x64\debug\phonebook.tlog\link.command.1.tlog
c:\users\garvan\source\repos\phonebook\phonebook\x64\debug\phonebook.tlog\link.read.1.tlog
c:\users\garvan\source\repos\phonebook\phonebook\x64\debug\phonebook.tlog\link.write.1.tlog
c:\users\garvan\source\repos\phonebook\phonebook\x64\debug\phonebook.tlog\rc.command.1.tlog
c:\users\garvan\source\repos\phonebook\phonebook\x64\debug\phonebook.tlog\rc.read.1.tlog
c:\users\garvan\source\repos\phonebook\phonebook\x64\debug\phonebook.tlog\rc.write.1.tlog
